[    0.000000] Linux version 4.15.0-76-generic (buildd@lcy01-amd64-029) (gcc version 7.4.0 (Ubuntu 7.4.0-1ubuntu1~18.04.1)) #86-Ubuntu SMP Fri Jan 17 17:24:28 UTC 2020 (Ubuntu 4.15.0-76.86-generic 4.15.18)
[    0.000000] Command line: BOOT_IMAGE=/boot/vmlinuz-4.15.0-76-generic root=LABEL=cloudimg-rootfs ro console=tty1 console=ttyS0
[    0.000000] KERNEL supported cpus:
[    0.000000]   Intel GenuineIntel
[    0.000000]   AMD AuthenticAMD
[    0.000000]   Centaur CentaurHauls
[    0.000000] x86/fpu: Supporting XSAVE feature 0x001: 'x87 floating point registers'
[    0.000000] x86/fpu: Supporting XSAVE feature 0x002: 'SSE registers'
[    0.000000] x86/fpu: Supporting XSAVE feature 0x004: 'AVX registers'
[    0.000000] x86/fpu: xstate_offset[2]:  576, xstate_sizes[2]:  256
[    0.000000] x86/fpu: Enabled xstate features 0x7, context size is 832 bytes, using 'standard' format.
[    0.000000] e820: BIOS-provided physical RAM map:
[    0.000000] BIOS-e820: [mem 0x0000000000000000-0x000000000009fbff] usable
[    0.000000] BIOS-e820: [mem 0x000000000009fc00-0x000000000009ffff] reserved
[    0.000000] BIOS-e820: [mem 0x00000000000f0000-0x00000000000fffff] reserved
[    0.000000] BIOS-e820: [mem 0x0000000000100000-0x000000001ffeffff] usable
[    0.000000] BIOS-e820: [mem 0x000000001fff0000-0x000000001fffffff] ACPI data
[    0.000000] BIOS-e820: [mem 0x00000000fec00000-0x00000000fec00fff] reserved
[    0.000000] BIOS-e820: [mem 0x00000000fee00000-0x00000000fee00fff] reserved
[    0.000000] BIOS-e820: [mem 0x00000000fffc0000-0x00000000ffffffff] reserved
[    0.000000] NX (Execute Disable) protection: active
[    0.000000] SMBIOS 2.5 present.
[    0.000000] DMI: innotek GmbH VirtualBox/VirtualBox, BIOS VirtualBox 12/01/2006
[    0.000000] Hypervisor detected: KVM
[    0.000000] e820: last_pfn = 0x1fff0 max_arch_pfn = 0x400000000
[    0.000000] MTRR: Disabled
[    0.000000] x86/PAT: MTRRs disabled, skipping PAT initialization too.
[    0.000000] CPU MTRRs all blank - virtualized system.
[    0.000000] x86/PAT: Configuration [0-7]: WB  WT  UC- UC  WB  WT  UC- UC  
[    0.000000] found SMP MP-table at [mem 0x0009fff0-0x0009ffff]
[    0.000000] Scanning 1 areas for low memory corruption
[    0.000000] RAMDISK: [mem 0x1dbaa000-0x1ee69fff]
[    0.000000] ACPI: Early table checksum verification disabled
[    0.000000] ACPI: RSDP 0x00000000000E0000 000024 (v02 VBOX  )
[    0.000000] ACPI: XSDT 0x000000001FFF0030 00003C (v01 VBOX   VBOXXSDT 00000001 ASL  00000061)
[    0.000000] ACPI: FACP 0x000000001FFF00F0 0000F4 (v04 VBOX   VBOXFACP 00000001 ASL  00000061)
[    0.000000] ACPI: DSDT 0x000000001FFF0470 0022EA (v02 VBOX   VBOXBIOS 00000002 INTL 20100528)
[    0.000000] ACPI: FACS 0x000000001FFF0200 000040
[    0.000000] ACPI: FACS 0x000000001FFF0200 000040
[    0.000000] ACPI: APIC 0x000000001FFF0240 000054 (v02 VBOX   VBOXAPIC 00000001 ASL  00000061)
[    0.000000] ACPI: SSDT 0x000000001FFF02A0 0001CC (v01 VBOX   VBOXCPUT 00000002 INTL 20100528)
[    0.000000] No NUMA configuration found
[    0.000000] Faking a node at [mem 0x0000000000000000-0x000000001ffeffff]
[    0.000000] NODE_DATA(0) allocated [mem 0x1ffc5000-0x1ffeffff]
[    0.000000] kvm-clock: cpu 0, msr 0:1ff44001, primary cpu clock
[    0.000000] kvm-clock: Using msrs 4b564d01 and 4b564d00
[    0.000000] kvm-clock: using sched offset of 3510190385 cycles
[    0.000000] clocksource: kvm-clock: mask: 0xffffffffffffffff max_cycles: 0x1cd42e4dffb, max_idle_ns: 881590591483 ns
[    0.000000] Zone ranges:
[    0.000000]   DMA      [mem 0x0000000000001000-0x0000000000ffffff]
[    0.000000]   DMA32    [mem 0x0000000001000000-0x000000001ffeffff]
[    0.000000]   Normal   empty
[    0.000000]   Device   empty
[    0.000000] Movable zone start for each node
[    0.000000] Early memory node ranges
[    0.000000]   node   0: [mem 0x0000000000001000-0x000000000009efff]
[    0.000000]   node   0: [mem 0x0000000000100000-0x000000001ffeffff]
[    0.000000] Reserved but unavailable: 98 pages
[    0.000000] Initmem setup node 0 [mem 0x0000000000001000-0x000000001ffeffff]
[    0.000000] ACPI: PM-Timer IO Port: 0x4008
[    0.000000] IOAPIC[0]: apic_id 1, version 32, address 0xfec00000, GSI 0-23
[    0.000000] ACPI: INT_SRC_OVR (bus 0 bus_irq 0 global_irq 2 dfl dfl)
[    0.000000] ACPI: INT_SRC_OVR (bus 0 bus_irq 9 global_irq 9 low level)
[    0.000000] Using ACPI (MADT) for SMP configuration information
[    0.000000] smpboot: Allowing 1 CPUs, 0 hotplug CPUs
[    0.000000] PM: Registered nosave memory: [mem 0x00000000-0x00000fff]
[    0.000000] PM: Registered nosave memory: [mem 0x0009f000-0x0009ffff]
[    0.000000] PM: Registered nosave memory: [mem 0x000a0000-0x000effff]
[    0.000000] PM: Registered nosave memory: [mem 0x000f0000-0x000fffff]
[    0.000000] e820: [mem 0x20000000-0xfebfffff] available for PCI devices
[    0.000000] Booting paravirtualized kernel on KVM
[    0.000000] clocksource: refined-jiffies: mask: 0xffffffff max_cycles: 0xffffffff, max_idle_ns: 7645519600211568 ns
[    0.000000] random: get_random_bytes called from start_kernel+0x99/0x4fd with crng_init=0
[    0.000000] setup_percpu: NR_CPUS:8192 nr_cpumask_bits:1 nr_cpu_ids:1 nr_node_ids:1
[    0.000000] percpu: Embedded 45 pages/cpu s147456 r8192 d28672 u2097152
[    0.000000] PV qspinlock hash table entries: 256 (order: 0, 4096 bytes)
[    0.000000] Built 1 zonelists, mobility grouping on.  Total pages: 128889
[    0.000000] Policy zone: DMA32
[    0.000000] Kernel command line: BOOT_IMAGE=/boot/vmlinuz-4.15.0-76-generic root=LABEL=cloudimg-rootfs ro console=tty1 console=ttyS0
[    0.000000] Memory: 467164K/523832K available (12300K kernel code, 2481K rwdata, 4260K rodata, 2428K init, 2704K bss, 56668K reserved, 0K cma-reserved)
[    0.000000] SLUB: HWalign=64, Order=0-3, MinObjects=0, CPUs=1, Nodes=1
[    0.000000] Kernel/User page tables isolation: enabled
[    0.000000] ftrace: allocating 39322 entries in 154 pages
[    0.004000] Hierarchical RCU implementation.
[    0.004000] 	RCU restricting CPUs from NR_CPUS=8192 to nr_cpu_ids=1.
[    0.004000] 	Tasks RCU enabled.
[    0.004000] RCU: Adjusting geometry for rcu_fanout_leaf=16, nr_cpu_ids=1
[    0.004000] NR_IRQS: 524544, nr_irqs: 256, preallocated irqs: 16
[    0.004000] Console: colour VGA+ 80x25
[    0.004000] console [tty1] enabled
[    0.004000] console [ttyS0] enabled
[    0.004000] ACPI: Core revision 20170831
[    0.004000] ACPI: 2 ACPI AML tables successfully acquired and loaded
[    0.004000] APIC: Switch to symmetric I/O mode setup
[    0.004000] x2apic enabled
[    0.004000] Switched APIC routing to physical x2apic.
[    0.004000] ..TIMER: vector=0x30 apic1=0 pin1=2 apic2=-1 pin2=-1
[    0.004002] tsc: Detected 2400.000 MHz processor
[    0.004680] Calibrating delay loop (skipped) preset value.. 4800.00 BogoMIPS (lpj=9600000)
[    0.005198] pid_max: default: 32768 minimum: 301
[    0.005892] Security Framework initialized
[    0.006500] Yama: becoming mindful.
[    0.008015] AppArmor: AppArmor initialized
[    0.008700] Dentry cache hash table entries: 65536 (order: 7, 524288 bytes)
[    0.009664] Inode-cache hash table entries: 32768 (order: 6, 262144 bytes)
[    0.010599] Mount-cache hash table entries: 1024 (order: 1, 8192 bytes)
[    0.011495] Mountpoint-cache hash table entries: 1024 (order: 1, 8192 bytes)
[    0.012165] process: using mwait in idle threads
[    0.012818] Last level iTLB entries: 4KB 64, 2MB 8, 4MB 8
[    0.013558] Last level dTLB entries: 4KB 64, 2MB 0, 4MB 0, 1GB 4
[    0.014390] Spectre V1 : Mitigation: usercopy/swapgs barriers and __user pointer sanitization
[    0.016001] Spectre V2 : Mitigation: Full generic retpoline
[    0.016767] Spectre V2 : Spectre v2 / SpectreRSB mitigation: Filling RSB on context switch
[    0.017919] Speculative Store Bypass: Vulnerable
[    0.018603] MDS: Mitigation: Clear CPU buffers
[    0.028432] Freeing SMP alternatives memory: 36K
[    0.139365] smpboot: CPU0: Intel(R) Core(TM) i9-9980HK CPU @ 2.40GHz (family: 0x6, model: 0x9e, stepping: 0xd)
[    0.140000] Performance Events: unsupported p6 CPU model 158 no PMU driver, software events only.
[    0.140000] Hierarchical SRCU implementation.
[    0.140390] NMI watchdog: Perf event create on CPU 0 failed with -2
[    0.141900] NMI watchdog: Perf NMI watchdog permanently disabled
[    0.142781] smp: Bringing up secondary CPUs ...
[    0.144001] smp: Brought up 1 node, 1 CPU
[    0.144646] smpboot: Max logical packages: 1
[    0.145297] smpboot: Total of 1 processors activated (4800.00 BogoMIPS)
[    0.146309] devtmpfs: initialized
[    0.146851] x86/mm: Memory block size: 128MB
[    0.147553] evm: security.selinux
[    0.148002] evm: security.SMACK64
[    0.148496] evm: security.SMACK64EXEC
[    0.149049] evm: security.SMACK64TRANSMUTE
[    0.149644] evm: security.SMACK64MMAP
[    0.150180] evm: security.apparmor
[    0.150684] evm: security.ima
[    0.151132] evm: security.capability
[    0.151716] clocksource: jiffies: mask: 0xffffffff max_cycles: 0xffffffff, max_idle_ns: 7645041785100000 ns
[    0.152004] futex hash table entries: 256 (order: 2, 16384 bytes)
[    0.152886] pinctrl core: initialized pinctrl subsystem
[    0.153688] RTC time: 22:34:22, date: 02/26/20
[    0.154433] NET: Registered protocol family 16
[    0.156045] audit: initializing netlink subsys (disabled)
[    0.156885] cpuidle: using governor ladder
[    0.157488] cpuidle: using governor menu
[    0.158080] ACPI: bus type PCI registered
[    0.158702] acpiphp: ACPI Hot Plug PCI Controller Driver version: 0.5
[    0.160024] PCI: Using configuration type 1 for base access
[    0.160825] audit: type=2000 audit(1582756467.790:1): state=initialized audit_enabled=0 res=1
[    0.162635] HugeTLB registered 2.00 MiB page size, pre-allocated 0 pages
[    0.163667] ACPI: Added _OSI(Module Device)
[    0.164002] ACPI: Added _OSI(Processor Device)
[    0.164647] ACPI: Added _OSI(3.0 _SCP Extensions)
[    0.165535] ACPI: Added _OSI(Processor Aggregator Device)
[    0.166496] ACPI: Added _OSI(Linux-Dell-Video)
[    0.167151] ACPI: Added _OSI(Linux-Lenovo-NV-HDMI-Audio)
[    0.168005] ACPI: Added _OSI(Linux-HPI-Hybrid-Graphics)
[    0.169029] ACPI: Executed 1 blocks of module-level executable AML code
[    0.172370] ACPI: Interpreter enabled
[    0.172924] ACPI: (supports S0 S5)
[    0.173431] ACPI: Using IOAPIC for interrupt routing
[    0.174285] PCI: Using host bridge windows from ACPI; if necessary, use "pci=nocrs" and report a bug
[    0.175721] ACPI: Enabled 2 GPEs in block 00 to 07
[    0.180753] ACPI: PCI Root Bridge [PCI0] (domain 0000 [bus 00-ff])
[    0.182300] acpi PNP0A03:00: _OSC: OS supports [ASPM ClockPM Segments MSI]
[    0.183581] acpi PNP0A03:00: _OSC: not requesting OS control; OS requires [ExtendedConfig ASPM ClockPM MSI]
[    0.184009] acpi PNP0A03:00: fail to add MMCONFIG information, can't access extended PCI configuration space under this bridge.
[    0.185896] PCI host bridge to bus 0000:00
[    0.188003] pci_bus 0000:00: root bus resource [io  0x0000-0x0cf7 window]
[    0.188989] pci_bus 0000:00: root bus resource [io  0x0d00-0xffff window]
[    0.189940] pci_bus 0000:00: root bus resource [mem 0x000a0000-0x000bffff window]
[    0.191022] pci_bus 0000:00: root bus resource [mem 0x20000000-0xfdffffff window]
[    0.192002] pci_bus 0000:00: root bus resource [bus 00-ff]
[    0.194640] pci 0000:00:01.1: legacy IDE quirk: reg 0x10: [io  0x01f0-0x01f7]
[    0.195613] pci 0000:00:01.1: legacy IDE quirk: reg 0x14: [io  0x03f6]
[    0.196001] pci 0000:00:01.1: legacy IDE quirk: reg 0x18: [io  0x0170-0x0177]
[    0.196973] pci 0000:00:01.1: legacy IDE quirk: reg 0x1c: [io  0x0376]
[    0.206007] pci 0000:00:07.0: quirk: [io  0x4000-0x403f] claimed by PIIX4 ACPI
[    0.208006] pci 0000:00:07.0: quirk: [io  0x4100-0x410f] claimed by PIIX4 SMB
[    0.212467] ACPI: PCI Interrupt Link [LNKA] (IRQs 5 9 10 *11)
[    0.214083] ACPI: PCI Interrupt Link [LNKB] (IRQs 5 9 *10 11)
[    0.214985] ACPI: PCI Interrupt Link [LNKC] (IRQs 5 *9 10 11)
[    0.215899] ACPI: PCI Interrupt Link [LNKD] (IRQs 5 9 10 *11)
[    0.216220] SCSI subsystem initialized
[    0.216828] pci 0000:00:02.0: vgaarb: setting as boot VGA device
[    0.218406] pci 0000:00:02.0: vgaarb: VGA device added: decodes=io+mem,owns=io+mem,locks=none
[    0.220003] pci 0000:00:02.0: vgaarb: bridge control possible
[    0.220836] vgaarb: loaded
[    0.221282] ACPI: bus type USB registered
[    0.221892] usbcore: registered new interface driver usbfs
[    0.222735] usbcore: registered new interface driver hub
[    0.224008] usbcore: registered new device driver usb
[    0.224751] EDAC MC: Ver: 3.0.0
[    0.225980] PCI: Using ACPI for IRQ routing
[    0.227038] NetLabel: Initializing
[    0.228001] NetLabel:  domain hash size = 128
[    0.228666] NetLabel:  protocols = UNLABELED CIPSOv4 CALIPSO
[    0.229481] NetLabel:  unlabeled traffic allowed by default
[    0.230326] clocksource: Switched to clocksource kvm-clock
[    0.238155] VFS: Disk quotas dquot_6.6.0
[    0.239448] VFS: Dquot-cache hash table entries: 512 (order 0, 4096 bytes)
[    0.240978] AppArmor: AppArmor Filesystem Enabled
[    0.242007] pnp: PnP ACPI init
[    0.243632] pnp: PnP ACPI: found 3 devices
[    0.249374] clocksource: acpi_pm: mask: 0xffffff max_cycles: 0xffffff, max_idle_ns: 2085701024 ns
[    0.251391] NET: Registered protocol family 2
[    0.252228] TCP established hash table entries: 4096 (order: 3, 32768 bytes)
[    0.253211] TCP bind hash table entries: 4096 (order: 4, 65536 bytes)
[    0.254111] TCP: Hash tables configured (established 4096 bind 4096)
[    0.255007] UDP hash table entries: 256 (order: 1, 8192 bytes)
[    0.255861] UDP-Lite hash table entries: 256 (order: 1, 8192 bytes)
[    0.256845] NET: Registered protocol family 1
[    0.257482] pci 0000:00:00.0: Limiting direct PCI/PCI transfers
[    0.258331] pci 0000:00:01.0: Activating ISA DMA hang workarounds
[    0.259226] pci 0000:00:02.0: Video device with shadowed ROM at [mem 0x000c0000-0x000dffff]
[    0.260480] Unpacking initramfs...
[    0.459945] Freeing initrd memory: 19200K
[    0.461620] clocksource: tsc: mask: 0xffffffffffffffff max_cycles: 0x22983777dd9, max_idle_ns: 440795300422 ns
[    0.463318] platform rtc_cmos: registered platform RTC device (no PNP device found)
[    0.464453] Scanning for low memory corruption every 60 seconds
[    0.465622] Initialise system trusted keyrings
[    0.466333] Key type blacklist registered
[    0.466946] workingset: timestamp_bits=36 max_order=17 bucket_order=0
[    0.468473] zbud: loaded
[    0.469177] squashfs: version 4.0 (2009/01/31) Phillip Lougher
[    0.470062] fuse init (API version 7.26)
[    0.471043] Key type asymmetric registered
[    0.471674] Asymmetric key parser 'x509' registered
[    0.472400] Block layer SCSI generic (bsg) driver version 0.4 loaded (major 246)
[    0.474409] io scheduler noop registered
[    0.475108] io scheduler deadline registered
[    0.475736] io scheduler cfq registered (default)
[    0.476904] ACPI: AC Adapter [AC] (off-line)
[    0.477553] input: Power Button as /devices/LNXSYSTM:00/LNXPWRBN:00/input/input0
[    0.478559] ACPI: Power Button [PWRF]
[    0.479119] input: Sleep Button as /devices/LNXSYSTM:00/LNXSLPBN:00/input/input1
[    0.480114] ACPI: Sleep Button [SLPF]
[    0.481656] ACPI: Battery Slot [BAT0] (battery present)
[    0.482415] Serial: 8250/16550 driver, 32 ports, IRQ sharing enabled
[   0.504488] 00:02: ttyS0 at I/O 0x3f8 (irq = 4, ase_baud = 115200) is a 16550A
[    0.508057] Linux agpgart interface v0.103
[    0.509148] loop: module loaded
[    0.509869] scsi host0: ata_piix
[    0.510362] scsi host1: ata_piix
[    0.510833] ata1: PATA max UDMA/33 cmd 0x1f0 ctl 0x3f6 bmdma 0xd000 irq 14
[    0.511763] ata2: PATA max UDMA/33 cmd 0x170 ctl 0x376 bmdma 0xd008 irq 15
[    0.514087] libphy: Fixed MDIO Bus: probed
[    0.514758] tun: Universal TUN/TAP device driver, 1.6
[    0.515475] PPP generic driver version 2.4.2
[    0.516137] ehci_hcd: USB 2.0 'Enhanced' Host Controller (EHCI) Driver
[    0.517086] ehci-pci: EHCI PCI platform driver
[    0.517718] ehci-platform: EHCI generic platform driver
[    0.518454] ohci_hcd: USB 1.1 'Open' Host Controller (OHCI) Driver
[    0.519296] ohci-pci: OHCI PCI platform driver
[    0.519923] ohci-platform: OHCI generic platform driver
[    0.520673] uhci_hcd: USB Universal Host Controller Interface driver
[    0.521622] i8042: PNP: PS/2 Controller [PNP0303:PS2K,PNP0f03:PS2M] at 0x60,0x64 irq 1,12
[    0.523075] serio: i8042 KBD port at 0x60,0x64 irq 1
[    0.523824] serio: i8042 AUX port at 0x60,0x64 irq 12
[    0.524585] mousedev: PS/2 mouse device common for all mice
[    0.525496] input: AT Translated Set 2 keyboard as /devices/platform/i8042/serio0/input/input2
[    0.527006] rtc_cmos rtc_cmos: rtc core: registered rtc_cmos as rtc0
[    0.527919] rtc_cmos rtc_cmos: alarms up to one day, 114 bytes nvram
[    0.528809] i2c /dev entries driver
[    0.529339] device-mapper: uevent: version 1.0.3
[    0.530020] device-mapper: ioctl: 4.37.0-ioctl (2017-09-20) initialised: dm-devel@redhat.com
[    0.531185] ledtrig-cpu: registered to indicate activity on CPUs
[    0.532113] intel_pmc_core:  initialized
[    0.533303] NET: Registered protocol family 10
[    0.535788] Segment Routing with IPv6
[    0.536420] NET: Registered protocol family 17
[    0.537092] Key type dns_resolver registered
[    0.537773] mce: Using 0 MCE banks
[    0.538302] RAS: Correctable Errors collector initialized.
[    0.539080] sched_clock: Marking stable (536405180, 0)->(668540975, -132135795)
[    0.540168] registered taskstats version 1
[    0.540803] Loading compiled-in X.509 certificates
[    0.542637] Loaded X.509 cert 'Build time autogenerated kernel key: 665cd2b89e03521f57c41865f552ebce30a0c7fb'
[    0.545047] zswap: loaded using pool lzo/zbud
[    0.547273] Key type big_key registered
[    0.547861] Key type trusted registered
[    0.549240] Key type encrypted registered
[    0.549901] AppArmor: AppArmor sha1 policy hashing enabled
[    0.550706] ima: No TPM chip found, activating TPM-bypass! (rc=-19)
[    0.551568] ima: Allocated hash algorithm: sha1
[    0.553262] evm: HMAC attrs: 0x1
[    0.554292]   Magic number: 8:294:604
[    0.554919] rtc_cmos rtc_cmos: setting system clock to 2020-02-26 22:34:23 UTC (1582756463)
[    0.556138] BIOS EDD facility v0.16 2004-Jun-25, 0 devices found
[    0.557013] EDD information not available.
[    0.676084] Freeing unused kernel image memory: 2428K
[    0.684671] Write protecting the kernel read-only data: 20480k
[    0.686840] Freeing unused kernel image memory: 2008K
[    0.687790] Freeing unused kernel image memory: 1884K
[    0.694264] x86/mm: Checked W+X mappings: passed, no W+X pages found.
[    0.695526] x86/mm: Checking user space page tables
[    0.701551] x86/mm: Checked W+X mappings: passed, no W+X pages found.
Loading, please wait...
starting version 237
[    0.773826] e1000: Intel(R) PRO/1000 Network Driver - version 7.3.21-k8-NAPI
[    0.775358] e1000: Copyright (c) 1999-2006 Intel Corporation.
[    0.778014] Fusion MPT base driver 3.04.20
[    0.778838] Copyright (c) 1999-2008 LSI Corporation
[    0.786299] Fusion MPT SPI Host driver 3.04.20
[    0.798494] AVX2 version of gcm_enc/dec engaged.
[    0.799917] AES CTR mode by8 optimization enabled
[    0.808200] mptbase: ioc0: Initiating bringup
[    0.904434] ioc0: LSI53C1030 A0: Capabilities={Initiator}
[    0.986315] input: ImExPS/2 Generic Explorer Mouse as /devices/platform/i8042/serio1/input/input4
[    1.145945] scsi host2: ioc0: LSI53C1030 A0, FwRev=00000000h, Ports=1, MaxQ=256, IRQ=20
[    1.312990] scsi 2:0:0:0: Direct-Access     VBOX     HARDDISK         1.0  PQ: 0 ANSI: 5
[    1.314793] scsi target2:0:0: Beginning Domain Validation
[    1.317492] scsi target2:0:0: Domain Validation skipping write tests
[    1.318539] scsi target2:0:0: Ending Domain Validation
[    1.319306] scsi target2:0:0: asynchronous
[    1.320027] random: fast init done
[    1.320640] scsi 2:0:1:0: Direct-Access     VBOX     HARDDISK         1.0  PQ: 0 ANSI: 5
[    1.321814] scsi target2:0:1: Beginning Domain Validation
[    1.322974] scsi target2:0:1: Domain Validation skipping write tests
[    1.323877] scsi target2:0:1: Ending Domain Validation
[    1.324655] scsi target2:0:1: asynchronous
[    1.327681] random: systemd-udevd: uninitialized urandom read (16 bytes read)
[    1.329007] random: systemd-udevd: uninitialized urandom read (16 bytes read)
[    1.329977] random: systemd-udevd: uninitialized urandom read (16 bytes read)
[    1.331136] sd 2:0:0:0: Attached scsi generic sg0 type 0
[    1.331900] sd 2:0:0:0: [sda] 20971520 512-byte logical blocks: (10.7 GB/10.0 GiB)
[    1.333021] sd 2:0:0:0: [sda] Write Protect is off
[    1.333766] sd 2:0:0:0: [sda] Incomplete mode parameter data
[    1.334548] sd 2:0:0:0: [sda] Assuming drive cache: write through
[    1.336229] sd 2:0:1:0: [sdb] 20480 512-byte logical blocks: (10.5 MB/10.0 MiB)
[    1.337294] sd 2:0:1:0: [sdb] Write Protect is off
[    1.338105] sd 2:0:1:0: [sdb] Incomplete mode parameter data
[    1.338890] sd 2:0:1:0: [sdb] Assuming drive cache: write through
[    1.339828] sd 2:0:1:0: Attached scsi generic sg1 type 0
[    1.341877]  sda: sda1
[    1.342764] sd 2:0:0:0: [sda] Attached SCSI disk
[    1.343755] sd 2:0:1:0: [sdb] Attached SCSI disk
[    1.690229] e1000 0000:00:03.0 eth0: (PCI:33MHz:32-bit) 02:b4:6b:8c:b8:1a
[    1.691799] e1000 0000:00:03.0 eth0: Intel(R) PRO/1000 Network Connection
[    1.693853] e1000 0000:00:03.0 enp0s3: renamed from eth0
Begin: Loading essential drivers ... [    3.018207] raid6: sse2x1   gen() 17894 MB/s
[    3.068215] raid6: sse2x1   xor()  9928 MB/s
[    3.119857] raid6: sse2x2   gen() 20373 MB/s
[    3.179881] raid6: sse2x2   xor() 14627 MB/s
[    3.229474] raid6: sse2x4   gen() 19563 MB/s
[    3.276619] raid6: sse2x4   xor() 12931 MB/s
[    3.326639] raid6: avx2x1   gen() 34408 MB/s
[    3.372039] raid6: avx2x1   xor() 18145 MB/s
[    3.421565] raid6: avx2x2   gen() 38893 MB/s
[    3.469984] raid6: avx2x2   xor() 24135 MB/s
[    3.519989] raid6: avx2x4   gen() 45679 MB/s
[    3.569997] raid6: avx2x4   xor() 25117 MB/s
[    3.571289] raid6: using algorithm avx2x4 gen() 45679 MB/s
[    3.572778] raid6: .... xor() 25117 MB/s, rmw enabled
[    3.573615] raid6: using avx2x2 recovery algorithm
[    3.575420] xor: automatically using best checksumming function   avx       
[    3.577440] async_tx: api initialized (async)
done.
Begin: Running /scripts/init-premount ... done.
Begin: Mounting root file system ... Begin: Running /scripts/local-top ... done.
Begin: Running /scripts/local-premount ... [    3.614089] Btrfs loaded, crc32c=crc32c-intel
Scanning for Btrfs filesystems
done.
Warning: fsck not present, so skipping root file system
[    3.636699] EXT4-fs (sda1): mounted filesystem with ordered data mode. Opts: (null)
done.
Begin: Running /scripts/local-bottom ... done.
Begin: Running /scripts/init-bottom ... done.
[    3.785480] ip_tables: (C) 2000-2006 Netfilter Core Team
[    3.793891] systemd[1]: systemd 237 running in system mode. (+PAM +AUDIT +SELINUX +IMA +APPARMOR +SMACK +SYSVINIT +UTMP +LIBCRYPTSETUP +GCRYPT +GNUTLS +ACL +XZ +LZ4 +SECCOMP +BLKID +ELFUTILS +KMOD -IDN2 +IDN -PCRE2 default-hierarchy=hybrid)
[    3.796961] systemd[1]: Detected virtualization oracle.
[    3.797735] systemd[1]: Detected architecture x86-64.

Welcome to [1mUbuntu 18.04.4 LTS[0m!

[    3.800635] systemd[1]: Set hostname to <ubuntu-bionic>.
[    4.030958] systemd[1]: Reached target Swap.
[[0;32m  OK  [0m] Reached target Swap.
[    4.032267] systemd[1]: Reached target System Time Synchronized.
[[0;32m  OK  [0m] Reached target System Time Synchronized.
[    4.033984] systemd[1]: Set up automount Arbitrary Executable File Formats File System Automount Point.
[[0;32m  OK  [0m] Set up automount Arbitrary Executab…rmats File System Automount Point.
[    4.037106] systemd[1]: Created slice User and Session Slice.
[[0;32m  OK  [0m] Created slice User and Session Slice.
[    4.038690] systemd[1]: Started Forward Password Requests to Wall Directory Watch.
[[0;32m  OK  [0m] Started Forward Password Requests to Wall Directory Watch.
[    4.040739] systemd[1]: Reached target User and Group Name Lookups.
[[0;32m  OK  [0m] Reached target User and Group Name Lookups.
[[0;32m  OK  [0m] Created slice System Slice.
[[0;32m  OK  [0m] Listening on /dev/initctl Compatibility Named Pipe.
[[0;32m  OK  [0m] Reached target Slices.
[[0;32m  OK  [0m] Listening on LVM2 metadata daemon socket.
[[0;32m  OK  [0m] Listening on Device-mapper event daemon FIFOs.
[[0;32m  OK  [0m] Listening on Syslog Socket.
[[0;32m  OK  [0m] Listening on udev Control Socket.
[[0;32m  OK  [0m] Listening on LVM2 poll daemon socket.
[[0;32m  OK  [0m] Listening on Network Service Netlink Socket.
[[0;32m  OK  [0m] Listening on Journal Socket.
         Starting Uncomplicated firewall...
         Starting Remount Root and Kernel File Systems...
         Mounting Kernel Debug File System...
         Mounting POSIX Message Queue File System...
         Starting Set the console keyboard layout...
[[0;32m  OK  [0m] Created slice system-serial\x2dgetty.slice.
         Starting Load Kernel Modules...
         Starting Monitoring of LVM2 mirrors…ng dmeventd or progress polling...
[[0;32m  OK  [0m] Listening on Journal Socket (/dev/log).
[[0;32m  OK  [0m] Listening on Journal Audit Socket.
[    4.113450] Loading iSCSI transport class v2.0-870.
[    4.118734] iscsi: registered transport (tcp)
[[0;32m  OK  [0m] Listening on udev Kernel Socket.
         Starting udev Coldplug all Devices...
         Mounting Huge Pages File System...
         Starting Journal Service...
         Starting Create list of required st…ce nodes for the current kernel...
[[    4.142233] EXT4-fs (sda1): re-mounted. Opts: (null)
[0;32m  OK  [0m] Started Uncomplicated firewall.
[[0;32m  OK  [0m] Mounted Kernel Debug File System.
[[0;32m  OK  [0m] Mounted POSIX Message Queue File System.
[[0;32m  OK  [0m] Mounted Huge Pages File System.
[[0;32m  OK  [0m] Started Remount Root and Kernel File Systems.
         Starting Load/Save Random Seed...
[[0;32m  OK  [0m] Started Create list of required sta…vice nodes for the current kernel.
         Starting Create Static Device Nodes in /dev...
[[0;32m  OK  [0m] Started LVM2 metadata daemon.
[[0;32m  OK  [0m] Started udev Coldplug all Devices.
[    4.222889] iscsi: registered transport (iser)
[[0;32m  OK  [0m] Started Journal Service.
[[0;32m  OK  [0m] Started Load Kernel Modules.
[[0;32m  OK  [0m] Started Load/Save Random Seed.
         Mounting Kernel Configuration File System...
         Mounting FUSE Control File System...
         Starting Apply Kernel Variables...
         Starting Flush Journal to Persistent Storage...
[[0;32m  OK  [0m] Mounted Kernel Configuration File System.
[[0;32m  OK  [0m] Mounted FUSE Control File System.
[[0;32m  OK  [0m] Started Create Static Device Nodes in /dev.
         Starting udev Kernel Device Manager...
[[0;32m  OK  [0m] Started Monitoring of LVM2 mirrors,…sing dmeventd or progress polling.
[[0;32m  OK  [0m] Started udev Kernel Device Manager.
[[0;32m  OK  [0m] Started Apply Kernel Variables.
[[0;32m  OK  [0m] Started Flush Journal to Persistent Storage.
[[0;32m  OK  [0m] Found device /dev/ttyS0.
[[0;32m  OK  [0m] Listening on Load/Save RF Kill Switch Status /dev/rfkill Watch.
[[0;32m  OK  [0m] Started Set the console keyboard layout.
[[0;32m  OK  [0m] Reached target Local File Systems (Pre).
[[0;32m  OK  [0m] Reached target Local File Systems.
         Starting Create Volatile Files and Directories...
         Starting Tell Plymouth To Write Out Runtime Data...
         Starting AppArmor initialization...
         Starting Set console font and keymap...
         Starting ebtables ruleset management...
[[0;32m  OK  [0m] Started Dispatch Password Requests to Console Directory Watch.
[[0;32m  OK  [0m] Reached target Local Encrypted Volumes.
[[0;32m  OK  [0m] Started Create Volatile Files and Directories.
[[0;32m  OK  [0m] Started Tell Plymouth To Write Out Runtime Data.
         Starting Update UTMP about System Boot/Shutdown...
[[0;32m  OK  [0m] Started Set console font and keymap.
[[0;32m  OK  [0m] Started Update UTMP about System Boot/Shutdown.
[[0;32m  OK  [0m] Started ebtables ruleset management.
[[0;32m  OK  [0m] Started AppArmor initialization.
         Starting Initial cloud-init job (pre-networking)...
[    6.175282] cloud-init[642]: Cloud-init v. 19.4-33-gbb4131a2-0ubuntu1~18.04.1 running 'init-local' at Wed, 26 Feb 2020 22:34:28 +0000. Up 6.03 seconds.
[[0;32m  OK  [0m] Started Initial cloud-init job (pre-networking).
[[0;32m  OK  [0m] Reached target Network (Pre).
         Starting Network Service...
[[0;32m  OK  [0m] Started Network Service.
         Starting Wait for Network to be Configured...
         Starting Network Name Resolution...
[[0;32m  OK  [0m] Started Network Name Resolution.
[[0;32m  OK  [0m] Reached target Host and Network Name Lookups.
[[0;32m  OK  [0m] Reached target Network.
[[0;32m  OK  [0m] Started Wait for Network to be Configured.
         Starting Initial cloud-init job (metadata service crawler)...
[    7.690333] cloud-init[738]: Cloud-init v. 19.4-33-gbb4131a2-0ubuntu1~18.04.1 running 'init' at Wed, 26 Feb 2020 22:34:30 +0000. Up 7.59 seconds.
[    7.692180] cloud-init[738]: ci-info: ++++++++++++++++++++++++++++++++++++++Net device info++++++++++++++++++++++++++++++++++++++
[    7.704167] cloud-init[738]: ci-info: +--------+------+----------------------------+---------------+--------+-------------------+
[    7.707460] cloud-init[738]: ci-info: | Device |  Up  |          Address           |      Mask     | Scope  |     Hw-Address    |
[    7.720132] cloud-init[738]: ci-info: +--------+------+----------------------------+---------------+--------+-------------------+
[    7.732258] cloud-init[738]: ci-info: | enp0s3 | True |         10.0.2.15          | 255.255.255.0 | global | 02:b4:6b:8c:b8:1a |
[    7.744189] cloud-init[738]: ci-info: | enp0s3 | True | fe80::b4:6bff:fe8c:b81a/64 |       .       |  link  | 02:b4:6b:8c:b8:1a |
[    7.756267] cloud-init[738]: ci-info: |   lo   | True |         127.0.0.1          |   255.0.0.0   |  host  |         .         |
[    7.757356] cloud-init[738]: ci-info: |   lo   | True |          ::1/128           |       .       |  host  |         .         |
[    7.768151] cloud-init[738]: ci-info: +--------+------+----------------------------+---------------+--------+-------------------+
[    7.780194] cloud-init[738]: ci-info: ++++++++++++++++++++++++++++Route IPv4 info+++++++++++++++++++++++++++++
[    7.781664] cloud-init[738]: ci-info: +-------+-------------+----------+-----------------+-----------+-------+
[    7.782968] cloud-init[738]: ci-info: | Route | Destination | Gateway  |     Genmask     | Interface | Flags |
[    7.784359] cloud-init[738]: ci-info: +-------+-------------+----------+-----------------+-----------+-------+
[    7.792605] cloud-init[738]: ci-info: |   0   |   0.0.0.0   | 10.0.2.2 |     0.0.0.0     |   enp0s3  |   UG  |
[    7.793307] cloud-init[738]: ci-info: |   1   |   10.0.2.0  | 0.0.0.0  |  255.255.255.0  |   enp0s3  |   U   |
[    7.804165] cloud-init[738]: ci-info: |   2   |   10.0.2.2  | 0.0.0.0  | 255.255.255.255 |   enp0s3  |   UH  |
[    7.805308] cloud-init[738]: ci-info: +-------+-------------+----------+-----------------+-----------+-------+
[    7.806329] cloud-init[738]: ci-info: +++++++++++++++++++Route IPv6 info+++++++++++++++++++
[    7.807599] cloud-init[738]: ci-info: +-------+-------------+---------+-----------+-------+
[    7.808886] cloud-init[738]: ci-info: | Route | Destination | Gateway | Interface | Flags |
[    7.812090] cloud-init[738]: ci-info: +-------+-------------+---------+-----------+-------+
[    7.816110] cloud-init[738]: ci-info: |   1   |  fe80::/64  |    ::   |   enp0s3  |   U   |
[    7.817313] cloud-init[738]: ci-info: |   3   |    local    |    ::   |   enp0s3  |   U   |
[    7.818595] cloud-init[738]: ci-info: |   4   |   ff00::/8  |    ::   |   enp0s3  |   U   |
[    7.820380] cloud-init[738]: ci-info: +-------+-------------+---------+-----------+-------+
[[0;32m  OK  [0m] Started Initial cloud-init job (metadata service crawler).
[[0;32m  OK  [0m] Reached target Cloud-config availability.
[[0;32m  OK  [0m] Reached target Network is Online.
[[0;32m  OK  [0m] Reached target Remote File Systems (Pre).
[[0;32m  OK  [0m] Reached target Remote File Systems.
         Starting Availability of block devices...
[[0;32m  OK  [0m] Reached target System Initialization.
[[0;32m  OK  [0m] Started Message of the Day.
[[0;32m  OK  [0m] Listening on ACPID Listen Socket.
[[0;32m  OK  [0m] Started Discard unused blocks once a week.
[[0;32m  OK  [0m] Started Daily Cleanup of Temporary Directories.
[[0;32m  OK  [0m] Started ACPI Events Check.
[[0;32m  OK  [0m] Listening on Open-iSCSI iscsid Socket.
[[0;32m  OK  [0m] Listening on D-Bus System Message Bus Socket.
[[0;32m  OK  [0m] Listening on UUID daemon activation socket.
[[0;32m  OK  [0m] Reached target Paths.
[[0;32m  OK  [0m] Started Daily apt download activities.
[[0;32m  OK  [0m] Started Daily apt upgrade and clean activities.
[[0;32m  OK  [0m] Reached target Timers.
         Starting LXD - unix socket.
         Starting Socket activation for snappy daemon.
[[0;32m  OK  [0m] Started Availability of block devices.
[[0;32m  OK  [0m] Listening on LXD - unix socket.
[[0;32m  OK  [0m] Listening on Socket activation for snappy daemon.
[[0;32m  OK  [0m] Reached target Sockets.
[[0;32m  OK  [0m] Reached target Basic System.
[[0;32m  OK  [0m] Started FUSE filesystem for LXC.
         Starting Virtualbox guest utils...
         Starting LSB: Record successful boot for GRUB...
         Starting Permit User Sessions...
         Starting System Logging Service...
[[0;32m  OK  [0m] Started Regular background program processing daemon.
         Starting Snappy daemon...
         Starting Login Service...
[[0;32m  OK  [0m] Started D-Bus System Message Bus.
         Starting OpenBSD Secure Shell server...
         Starting Accounts Service...
         Starting LSB: automatic crash report generation...
[[0;32m  OK  [0m] Started irqbalance daemon.
[[0;32m  OK  [0m] Started Deferred execution scheduler.
         Starting Dispatcher daemon for systemd-networkd...
         Starting LXD - container startup/shutdown...
[[0;32m  OK  [0m] Started System Logging Service.
[[0;32m  OK  [0m] Started Permit User Sessions.
[[0;32m  OK  [0m] Started Login Service.
[[0;32m  OK  [0m] Started OpenBSD Secure Shell server.
[[0;32m  OK  [0m] Started Unattended Upgrades Shutdown.
         Starting Terminate Plymouth Boot Screen...
         Starting Hold until boot process finishes up...
[[0;32m  OK  [0m] Started Hold until boot process finishes up.
[[0;32m  OK  [0m] Started Serial Getty on ttyS0.
         Starting Set console scheme...
[[0;32m  OK  [0m] Started LSB: automatic crash report generation.
[[0;32m  OK  [0m] Started Terminate Plymouth Boot Screen.
[[0;32m  OK  [0m] Started Set console scheme.
[[0;32m  OK  [0m] Created slice system-getty.slice.
[[0;32m  OK  [0m] Started Getty on tty1.
[[0;32m  OK  [0m] Reached target Login Prompts.
         Starting Authorization Manager...
[[0;32m  OK  [0m] Started Virtualbox guest utils.
[[0;32m  OK  [0m] Started LXD - container startup/shutdown.
[[0;32m  OK  [0m] Started LSB: Record successful boot for GRUB.
[[0;32m  OK  [0m] Started Authorization Manager.
[[0;32m  OK  [0m] Started Accounts Service.
[[0;32m  OK  [0m] Started Dispatcher daemon for systemd-networkd.
[[0;32m  OK  [0m] Started Snappy daemon.
         Starting Wait until snapd is fully seeded...
[[0;32m  OK  [0m] Started Wait until snapd is fully seeded.
         Starting Apply the settings specified in cloud-config...
[[0;32m  OK  [0m] Reached target Multi-User System.
[[0;32m  OK  [0m] Reached target Graphical Interface.
         Starting Update UTMP about System Runlevel Changes...
[[0;32m  OK  [0m] Started Update UTMP about System Runlevel Changes.
[    9.294460] cloud-init[1147]: Cloud-init v. 19.4-33-gbb4131a2-0ubuntu1~18.04.1 running 'modules:config' at Wed, 26 Feb 2020 22:34:32 +0000. Up 9.22 seconds.
[[0;32m  OK  [0m] Started Apply the settings specified in cloud-config.
         Starting Execute cloud user/final scripts...
[    9.644289] cloud-init[1184]: Cloud-init v. 19.4-33-gbb4131a2-0ubuntu1~18.04.1 running 'modules:final' at Wed, 26 Feb 2020 22:34:32 +0000. Up 9.57 seconds.
[    9.657324] cloud-init[1184]: Cloud-init v. 19.4-33-gbb4131a2-0ubuntu1~18.04.1 finished at Wed, 26 Feb 2020 22:34:32 +0000. Datasource DataSourceNoCloud [seed=/dev/sdb][dsmode=net].  Up 9.63 seconds
[[0;32m  OK  [0m] Started Execute cloud user/final scripts.
[[0;32m  OK  [0m] Reached target Cloud-init target.

Ubuntu 18.04.4 LTS ubuntu-bionic ttyS0

ubuntu-bionic login:          Stopping User Manager for UID 1000...
[[0;32m  OK  [0m] Stopped target Cloud-init target.
[[0;32m  OK  [0m] Stopped target Timers.
[[0;32m  OK  [0m] Stopped Message of the Day.
         Stopping Authorization Manager...
         Stopping Availability of block devices...
[[0;32m  OK  [0m] Stopped Discard unused blocks once a week.
         Stopping Session 6 of user vagrant.
[[0;32m  OK  [0m] Stopped Execute cloud user/final scripts.
[[0;32m  OK  [0m] Stopped Apply the settings specified in cloud-config.
[[0;32m  OK  [0m] Stopped target Graphical Interface.
         Stopping Accounts Service...
[[0;32m  OK  [0m] Stopped target Network is Online.
[[0;32m  OK  [0m] Closed Load/Save RF Kill Switch Status /dev/rfkill Watch.
[[0;32m  OK  [0m] Stopped target Host and Network Name Lookups.
[[0;32m  OK  [0m] Stopped Daily Cleanup of Temporary Directories.
[[0;32m  OK  [0m] Stopped Daily apt upgrade and clean activities.
[[0;32m  OK  [0m] Stopped target Cloud-config availability.
[[0;32m  OK  [0m] Stopped Daily apt download activities.
[[0;32m  OK  [0m] Stopped target System Time Synchronized.
[[0;32m  OK  [0m] Stopped target Multi-User System.
         Stopping Deferred execution scheduler...
         Stopping LXD - container startup/shutdown...
[[0;32m  OK  [0m] Stopped Wait until snapd is fully seeded.
         Stopping Dispatcher daemon for systemd-networkd...
         Stopping Regular background program processing daemon...
         Stopping D-Bus System Message Bus...
         Stopping LSB: Record successful boot for GRUB...
         Stopping LSB: automatic crash report generation...
         Stopping Virtualbox guest utils...
         Stopping Unattended Upgrades Shutdown...
         Stopping OpenBSD Secure Shell server...
         Stopping FUSE filesystem for LXC...
         Stopping System Logging Service...
[[0;32m  OK  [0m] Stopped target Login Prompts.
         Stopping Serial Getty on ttyS0...
         Stopping Getty on tty1...
[[0;32m  OK  [0m] Unmounted /var/lib/lxcfs.
[[0;32m  OK  [0m] Stopped System Logging Service.
[[0;32m  OK  [0m] Stopped Regular background program processing daemon.
[[0;32m  OK  [0m] Stopped Accounts Service.
[[0;32m  OK  [0m] Stopped Deferred execution scheduler.
[[0;32m  OK  [0m] Stopped Dispatcher daemon for systemd-networkd.
[[0;32m  OK  [0m] Stopped OpenBSD Secure Shell server.
[[0;32m  OK  [0m] Stopped Unattended Upgrades Shutdown.
[[0;32m  OK  [0m] Stopped Serial Getty on ttyS0.
[[0;32m  OK  [0m] Stopped Getty on tty1.
[[0;32m  OK  [0m] Stopped Authorization Manager.
[[0;32m  OK  [0m] Stopped User Manager for UID 1000.
[[0;32m  OK  [0m] Stopped Availability of block devices.
[[0;32m  OK  [0m] Stopped D-Bus System Message Bus.
[[0;32m  OK  [0m] Stopped FUSE filesystem for LXC.
[[0;32m  OK  [0m] Stopped Session 6 of user vagrant.
[[0;32m  OK  [0m] Removed slice User Slice of vagrant.
[[0;32m  OK  [0m] Removed slice system-getty.slice.
         Stopping Permit User Sessions...
[[0;32m  OK  [0m] Removed slice system-serial\x2dgetty.slice.
         Stopping Login Service...
[[0;32m  OK  [0m] Stopped Login Service.
[[0;32m  OK  [0m] Stopped LXD - container startup/shutdown.
[[0;32m  OK  [0m] Stopped Virtualbox guest utils.
[[0;32m  OK  [0m] Stopped Permit User Sessions.
[[0;32m  OK  [0m] Stopped target Network.
         Stopping Network Name Resolution...
[[0;32m  OK  [0m] Stopped target User and Group Name Lookups.
[[0;32m  OK  [0m] Stopped Network Name Resolution.
[[0;32m  OK  [0m] Stopped LSB: Record successful boot for GRUB.
[[0;32m  OK  [0m] Stopped LSB: automatic crash report generation.
[[0;32m  OK  [0m] Stopped target Remote File Systems.
[[0;32m  OK  [0m] Stopped target Remote File Systems (Pre).
[[0;32m  OK  [0m] Stopped target Basic System.
[[0;32m  OK  [0m] Stopped target Sockets.
[[0;32m  OK  [0m] Closed UUID daemon activation socket.
[[0;32m  OK  [0m] Closed LXD - unix socket.
[[0;32m  OK  [0m] Closed ACPID Listen Socket.
[[0;32m  OK  [0m] Closed Syslog Socket.
[[0;32m  OK  [0m] Closed Socket activation for snappy daemon.
[[0;32m  OK  [0m] Closed Open-iSCSI iscsid Socket.
[[0;32m  OK  [0m] Closed D-Bus System Message Bus Socket.
[[0;32m  OK  [0m] Stopped target Slices.
[[0;32m  OK  [0m] Removed slice User and Session Slice.
[[0;32m  OK  [0m] Stopped target Paths.
[[0;32m  OK  [0m] Stopped ACPI Events Check.
[[0;32m  OK  [0m] Stopped target System Initialization.
[[0;32m  OK  [0m] Stopped target Local Encrypted Volumes.
[[0;32m  OK  [0m] Stopped Dispatch Password Requests to Console Directory Watch.
[[0;32m  OK  [0m] Stopped Forward Password Requests to Wall Directory Watch.
         Stopping Update UTMP about System Boot/Shutdown...
[[0;32m  OK  [0m] Stopped Initial cloud-init job (metadata service crawler).
[[0;32m  OK  [0m] Stopped Wait for Network to be Configured.
         Stopping Load/Save Random Seed...
         Stopping Network Service...
[[0;32m  OK  [0m] Stopped Network Service.
[[0;32m  OK  [0m] Stopped Load/Save Random Seed.
[[0;32m  OK  [0m] Stopped Apply Kernel Variables.
[[0;32m  OK  [0m] Stopped Load Kernel Modules.
[[0;32m  OK  [0m] Stopped target Network (Pre).
[[0;32m  OK  [0m] Stopped Initial cloud-init job (pre-networking).
[[0;32m  OK  [0m] Stopped Update UTMP about System Boot/Shutdown.
[[0;32m  OK  [0m] Stopped Create Volatile Files and Directories.
[[0;32m  OK  [0m] Stopped target Local File Systems.
         Unmounting /run/user/1000...
         Unmounting /vagrant...
[[0;32m  OK  [0m] Unmounted /run/user/1000.
[[0;32m  OK  [0m] Unmounted /vagrant.
[[0;32m  OK  [0m] Reached target Unmount All Filesystems.
[[0;32m  OK  [0m] Stopped target Swap.
[[0;32m  OK  [0m] Stopped target Local File Systems (Pre).
         Stopping Monitoring of LVM2 mirrors…ng dmeventd or progress polling...
[[0;32m  OK  [0m] Stopped Remount Root and Kernel File Systems.
[[0;32m  OK  [0m] Stopped Create Static Device Nodes in /dev.
[[0;32m  OK  [0m] Reached target Shutdown.
[[0;32m  OK  [0m] Reached target Final Step.
         Starting Power-Off...
[[0;32m  OK  [0m] Stopped Monitoring of LVM2 mirrors,…sing dmeventd or progress polling.
         Stopping LVM2 metadata daemon...
[[0;32m  OK  [0m] Stopped LVM2 metadata daemon.
[ 3383.600489] reboot: Power down
